<?xml version="1.0" encoding="UTF-8"?>
<testng-results ignored="0" total="1" passed="1" failed="0" skipped="0">
  <reporter-output>
    <line>
      <![CDATA[Test Started]]>
    </line>
    <line>
      <![CDATA[Setting Done- Test can be started]]>
    </line>
    <line>
      <![CDATA[Trying to start browser and getting application ready]]>
    </line>
    <line>
      <![CDATA[Browser and Application is up and running]]>
    </line>
    <line>
      <![CDATA[Test is about to end]]>
    </line>
    <line>
      <![CDATA[Test Completed >>> Reports Generated]]>
    </line>
  </reporter-output>
  <suite started-at="2025-04-06T05:57:48Z" name="Suite" finished-at="2025-04-06T05:57:52Z" duration-ms="4337">
    <groups>
    </groups>
    <test started-at="2025-04-06T05:57:48Z" name="Test" finished-at="2025-04-06T05:57:52Z" duration-ms="4337">
      <class name="com.pathology.testcases.LoginTest">
        <test-method is-config="true" signature="setUp()[pri:0, instance:com.pathology.testcases.LoginTest@6239aba6]" started-at="2025-04-06T05:57:48Z" name="setUp" finished-at="2025-04-06T05:57:48Z" duration-ms="428" status="PASS">
          <reporter-output>
            <line>
              <![CDATA[Test Started]]>
            </line>
            <line>
              <![CDATA[Setting Done- Test can be started]]>
            </line>
          </reporter-output>
        </test-method> <!-- setUp -->
        <test-method is-config="true" signature="setup()[pri:0, instance:com.pathology.testcases.LoginTest@6239aba6]" started-at="2025-04-06T05:57:48Z" name="setup" finished-at="2025-04-06T05:57:51Z" duration-ms="3342" status="PASS">
          <reporter-output>
            <line>
              <![CDATA[Trying to start browser and getting application ready]]>
            </line>
            <line>
              <![CDATA[Browser and Application is up and running]]>
            </line>
          </reporter-output>
        </test-method> <!-- setup -->
        <test-method signature="login()[pri:0, instance:com.pathology.testcases.LoginTest@6239aba6]" started-at="2025-04-06T05:57:51Z" name="login" finished-at="2025-04-06T05:57:52Z" duration-ms="379" status="PASS">
          <reporter-output>
          </reporter-output>
        </test-method> <!-- login -->
        <test-method is-config="true" signature="failTestcaseScreenshot(org.testng.ITestResult)[pri:0, instance:com.pathology.testcases.LoginTest@6239aba6]" started-at="2025-04-06T05:57:52Z" name="failTestcaseScreenshot" finished-at="2025-04-06T05:57:52Z" duration-ms="452" status="PASS">
          <params>
            <param index="0">
              <value>
                <![CDATA[[TestResult name=login status=SUCCESS method=LoginTest.login()[pri:0, instance:com.pathology.testcases.LoginTest@6239aba6] output={null}]]]>
              </value>
            </param>
          </params>
          <reporter-output>
            <line>
              <![CDATA[Test is about to end]]>
            </line>
            <line>
              <![CDATA[Test Completed >>> Reports Generated]]>
            </line>
          </reporter-output>
        </test-method> <!-- failTestcaseScreenshot -->
        <test-method is-config="true" signature="close()[pri:0, instance:com.pathology.testcases.LoginTest@6239aba6]" started-at="2025-04-06T05:57:52Z" name="close" finished-at="2025-04-06T05:57:52Z" duration-ms="150" status="PASS">
          <reporter-output>
          </reporter-output>
        </test-method> <!-- close -->
      </class> <!-- com.pathology.testcases.LoginTest -->
    </test> <!-- Test -->
  </suite> <!-- Suite -->
</testng-results>
